::1 - - [21/Feb/2021:16:02:19 +0000] "POST /api/w1/categories HTTP/1.1" 200 69 "-" "PostmanRuntime/7.26.10"
::1 - - [21/Feb/2021:16:02:41 +0000] "POST /api/w1/categories HTTP/1.1" 200 69 "-" "PostmanRuntime/7.26.10"
::1 - - [22/Feb/2021:02:23:37 +0000] "POST /api/w1/categories HTTP/1.1" 200 69 "-" "PostmanRuntime/7.26.10"
::1 - - [22/Feb/2021:02:24:13 +0000] "POST /api/w1/categories HTTP/1.1" 200 69 "-" "PostmanRuntime/7.26.10"
::1 - - [22/Feb/2021:02:25:35 +0000] "POST /api/w1/categories HTTP/1.1" 200 69 "-" "PostmanRuntime/7.26.10"
::1 - - [22/Feb/2021:02:26:16 +0000] "POST /api/w1/categories HTTP/1.1" 200 69 "-" "PostmanRuntime/7.26.10"
::1 - - [22/Feb/2021:02:26:59 +0000] "POST /api/w1/categories HTTP/1.1" 500 2096 "-" "PostmanRuntime/7.26.10"
::1 - - [22/Feb/2021:02:27:18 +0000] "POST /api/w1/categories HTTP/1.1" 200 69 "-" "PostmanRuntime/7.26.10"
::1 - - [22/Feb/2021:02:27:38 +0000] "POST /api/w1/categories HTTP/1.1" 200 69 "-" "PostmanRuntime/7.26.10"
::1 - - [22/Feb/2021:02:28:06 +0000] "POST /api/w1/categories HTTP/1.1" 200 69 "-" "PostmanRuntime/7.26.10"
::1 - - [22/Feb/2021:02:28:21 +0000] "GET /api/w1/categories HTTP/1.1" 200 98 "-" "PostmanRuntime/7.26.10"
::1 - - [22/Feb/2021:02:49:36 +0000] "POST /api/w1/categories HTTP/1.1" 400 537 "-" "PostmanRuntime/7.26.10"
::1 - - [22/Feb/2021:02:52:25 +0000] "POST /api/w1/categories HTTP/1.1" 200 139 "-" "PostmanRuntime/7.26.10"
::1 - - [22/Feb/2021:02:53:52 +0000] "POST /api/w1/categories HTTP/1.1" 400 143 "-" "PostmanRuntime/7.26.10"
::1 - - [22/Feb/2021:02:54:09 +0000] "POST /api/w1/categories HTTP/1.1" 200 163 "-" "PostmanRuntime/7.26.10"
::1 - - [22/Feb/2021:02:54:31 +0000] "POST /api/w1/categories HTTP/1.1" 200 202 "-" "PostmanRuntime/7.26.10"
::1 - - [22/Feb/2021:04:39:39 +0000] "POST /api/w1/categories HTTP/1.1" 200 202 "-" "PostmanRuntime/7.26.10"
::1 - - [22/Feb/2021:04:41:36 +0000] "POST /api/w1/categories HTTP/1.1" 200 201 "-" "PostmanRuntime/7.26.10"
::1 - - [22/Feb/2021:07:57:43 +0000] "POST /api/w1/categories HTTP/1.1" 400 138 "-" "PostmanRuntime/7.26.10"
::1 - - [22/Feb/2021:07:57:53 +0000] "POST /api/w1/categories HTTP/1.1" 200 202 "-" "PostmanRuntime/7.26.10"
::1 - - [22/Feb/2021:08:03:23 +0000] "POST /api/w1/categories HTTP/1.1" 200 202 "-" "PostmanRuntime/7.26.10"
::1 - - [22/Feb/2021:08:03:29 +0000] "GET /api/w1/categories HTTP/1.1" 200 740 "-" "PostmanRuntime/7.26.10"
::1 - - [22/Feb/2021:08:04:05 +0000] "PUT /api/w1/categories/6033358a019bb1556c887823 HTTP/1.1" 400 321 "-" "PostmanRuntime/7.26.10"
::1 - - [22/Feb/2021:08:04:16 +0000] "PUT /api/w1/categories/6033358a019bb1556c887823 HTTP/1.1" 200 202 "-" "PostmanRuntime/7.26.10"
::1 - - [22/Feb/2021:08:04:27 +0000] "GET /api/w1/categories/6033358a019bb1556c887823 HTTP/1.1" 200 202 "-" "PostmanRuntime/7.26.10"
::1 - - [22/Feb/2021:08:05:13 +0000] "DELETE /api/w1/categories/6033358a019bb1556c887823 HTTP/1.1" 200 202 "-" "PostmanRuntime/7.26.10"
::1 - - [22/Feb/2021:08:05:40 +0000] "DELETE /api/w1/categories/6033358a019bb1556c887821 HTTP/1.1" 400 95 "-" "PostmanRuntime/7.26.10"
::1 - - [22/Feb/2021:08:06:22 +0000] "DELETE /api/w1/categories/6033358a019bb1556c887823 HTTP/1.1" 400 95 "-" "PostmanRuntime/7.26.10"
::1 - - [22/Feb/2021:08:06:31 +0000] "DELETE /api/w1/categories/6033358a019bb1556c887821 HTTP/1.1" 400 95 "-" "PostmanRuntime/7.26.10"
::1 - - [22/Feb/2021:08:06:36 +0000] "DELETE /api/w1/categories/6033358a019bb1556c88782 HTTP/1.1" 400 148 "-" "PostmanRuntime/7.26.10"
::1 - - [22/Feb/2021:08:07:06 +0000] "GET /api/w1/category/6033358a019bb1556c88782 HTTP/1.1" 404 178 "-" "PostmanRuntime/7.26.10"
::1 - - [22/Feb/2021:08:07:10 +0000] "GET /api/w1/category/6033358a019bb1556c88781 HTTP/1.1" 404 178 "-" "PostmanRuntime/7.26.10"
::1 - - [22/Feb/2021:08:07:14 +0000] "GET /api/w1/category/6033358a019bb1556c88783 HTTP/1.1" 404 178 "-" "PostmanRuntime/7.26.10"
::1 - - [22/Feb/2021:08:07:42 +0000] "GET /api/w1/categories/6033358a019bb1556c88783 HTTP/1.1" 400 148 "-" "PostmanRuntime/7.26.10"
::1 - - [22/Feb/2021:08:07:58 +0000] "GET /api/w1/categories HTTP/1.1" 200 561 "-" "PostmanRuntime/7.26.10"
::1 - - [22/Feb/2021:08:08:09 +0000] "GET /api/w1/categories/60333600019bb1556c887824 HTTP/1.1" 200 201 "-" "PostmanRuntime/7.26.10"
::1 - - [22/Feb/2021:08:08:28 +0000] "GET /api/w1/categories/60333600019bb1556c887824 HTTP/1.1" 400 28 "-" "PostmanRuntime/7.26.10"
::1 - - [22/Feb/2021:08:08:46 +0000] "GET /api/w1/categories/60333600019bb1556c887824 HTTP/1.1" 200 201 "-" "PostmanRuntime/7.26.10"
::1 - - [22/Feb/2021:08:08:53 +0000] "GET /api/w1/categories/60333600019bb1556c887824 HTTP/1.1" 400 28 "-" "PostmanRuntime/7.26.10"
::ffff:127.0.0.1 - - [22/Feb/2021:08:09:01 +0000] "GET /api/w1/categories/60333600019bb1556c887824 HTTP/1.1" 200 201 "-" "PostmanRuntime/7.26.10"
::1 - - [22/Feb/2021:08:09:15 +0000] "GET /api/w1/categories HTTP/1.1" 400 28 "-" "PostmanRuntime/7.26.10"
::ffff:127.0.0.1 - - [22/Feb/2021:08:09:22 +0000] "GET /api/w1/categories HTTP/1.1" 200 561 "-" "PostmanRuntime/7.26.10"
::1 - - [22/Feb/2021:08:10:21 +0000] "DELETE /api/w1/categories/60336400d3be1cb6e4b8517e HTTP/1.1" 400 28 "-" "PostmanRuntime/7.26.10"
::ffff:127.0.0.1 - - [22/Feb/2021:08:10:30 +0000] "DELETE /api/w1/categories/60336400d3be1cb6e4b8517e HTTP/1.1" 400 95 "-" "PostmanRuntime/7.26.10"
::1 - - [22/Feb/2021:08:10:42 +0000] "GET /api/w1/categories HTTP/1.1" 200 382 "-" "PostmanRuntime/7.26.10"
::1 - - [22/Feb/2021:08:11:07 +0000] "DELETE /api/w1/categories/6033654bdda77cc33409dc3f/ HTTP/1.1" 200 202 "-" "PostmanRuntime/7.26.10"
::1 - - [22/Feb/2021:08:11:23 +0000] "GET /api/w1/categories/6033654bdda77cc33409dc3f/ HTTP/1.1" 400 95 "-" "PostmanRuntime/7.26.10"
::1 - - [22/Feb/2021:08:11:29 +0000] "GET /api/w1/categories/ HTTP/1.1" 200 203 "-" "PostmanRuntime/7.26.10"
::1 - - [22/Feb/2021:08:47:11 +0000] "POST /api/w1/categories/ HTTP/1.1" 200 202 "-" "PostmanRuntime/7.26.10"
::1 - - [22/Feb/2021:08:47:16 +0000] "GET /api/w1/categories/ HTTP/1.1" 200 382 "-" "PostmanRuntime/7.26.10"
::1 - - [22/Feb/2021:08:47:52 +0000] "GET /api/w1/categories/60333600019bb1556c887824 HTTP/1.1" 200 201 "-" "PostmanRuntime/7.26.10"
::1 - - [22/Feb/2021:08:47:58 +0000] "GET /api/w1/categories/60333600019bb1556c88782 HTTP/1.1" 400 148 "-" "PostmanRuntime/7.26.10"
::1 - - [22/Feb/2021:08:48:19 +0000] "GET /api/w1/categories/60333600019bb1556c88784 HTTP/1.1" 400 148 "-" "PostmanRuntime/7.26.10"
::1 - - [22/Feb/2021:08:48:37 +0000] "GET /api/w1/categories/60333600019bb1556c88784/ HTTP/1.1" 400 148 "-" "PostmanRuntime/7.26.10"
::1 - - [22/Feb/2021:08:48:49 +0000] "GET /api/w1/categories/ HTTP/1.1" 200 382 "-" "PostmanRuntime/7.26.10"
::1 - - [22/Feb/2021:08:49:04 +0000] "GET /api/w1/categories/60333600019bb1556c887824 HTTP/1.1" 200 201 "-" "PostmanRuntime/7.26.10"
::1 - - [22/Feb/2021:08:49:11 +0000] "GET /api/w1/categories/60333600019bb1556c887824c HTTP/1.1" 400 152 "-" "PostmanRuntime/7.26.10"
::1 - - [22/Feb/2021:08:51:25 +0000] "GET /api/w1/categories/60333600019bb1556c887824 HTTP/1.1" 200 201 "-" "PostmanRuntime/7.26.10"
::1 - - [22/Feb/2021:08:51:30 +0000] "GET /api/w1/categories/60333600019bb1556c887823 HTTP/1.1" 400 95 "-" "PostmanRuntime/7.26.10"
::1 - - [22/Feb/2021:08:52:27 +0000] "GET /api/w1/categories/60333600019bb1556c887823 HTTP/1.1" 400 95 "-" "PostmanRuntime/7.26.10"
::1 - - [22/Feb/2021:08:52:45 +0000] "GET /api/w1/categories/60333600019bb1556c887824 HTTP/1.1" 200 201 "-" "PostmanRuntime/7.26.10"
::1 - - [22/Feb/2021:08:55:37 +0000] "GET /api/w1/categories/60333600019bb1556c887824 HTTP/1.1" 200 201 "-" "PostmanRuntime/7.26.10"
::1 - - [22/Feb/2021:08:55:43 +0000] "GET /api/w1/categories/60333600019bb1556c887823 HTTP/1.1" 400 95 "-" "PostmanRuntime/7.26.10"
::1 - - [22/Feb/2021:08:56:12 +0000] "GET /api/w1/categories/60333600019bb1556c887823 HTTP/1.1" 400 95 "-" "PostmanRuntime/7.26.10"
::1 - - [22/Feb/2021:08:56:14 +0000] "GET /api/w1/categories/60333600019bb1556c887823 HTTP/1.1" 400 95 "-" "PostmanRuntime/7.26.10"
::1 - - [22/Feb/2021:08:56:15 +0000] "GET /api/w1/categories/60333600019bb1556c887823 HTTP/1.1" 400 95 "-" "PostmanRuntime/7.26.10"
::1 - - [22/Feb/2021:09:00:06 +0000] "GET /api/w1/categories/60333600019bb1556c887823 HTTP/1.1" 400 107 "-" "PostmanRuntime/7.26.10"
::1 - - [22/Feb/2021:09:02:06 +0000] "GET /api/w1/categories/60333600019bb1556c887823 HTTP/1.1" 400 107 "-" "PostmanRuntime/7.26.10"
::1 - - [22/Feb/2021:09:03:25 +0000] "GET /api/w1/categories/60333600019bb1556c887823 HTTP/1.1" 400 115 "-" "PostmanRuntime/7.26.10"
::1 - - [22/Feb/2021:09:09:34 +0000] "GET /api/w1/categories/60333600019bb1556c887823 HTTP/1.1" 400 115 "-" "PostmanRuntime/7.26.10"
::1 - - [22/Feb/2021:09:09:52 +0000] "GET /api/w1/categories/60333600019bb1556c887821 HTTP/1.1" 400 115 "-" "PostmanRuntime/7.26.10"
::1 - - [22/Feb/2021:09:10:00 +0000] "GET /api/w1/categories/60333600019bb1556c8878212 HTTP/1.1" 500 591 "-" "PostmanRuntime/7.26.10"
::1 - - [22/Feb/2021:09:10:13 +0000] "GET /api/w1/categories/ HTTP/1.1" 200 382 "-" "PostmanRuntime/7.26.10"
::1 - - [22/Feb/2021:09:10:24 +0000] "GET /api/w1/categories/60336f8f2b1219e9446517eb HTTP/1.1" 200 202 "-" "PostmanRuntime/7.26.10"
::1 - - [22/Feb/2021:09:10:29 +0000] "GET /api/w1/categories/60336f8f2b1219e9446517e1 HTTP/1.1" 400 115 "-" "PostmanRuntime/7.26.10"
::1 - - [22/Feb/2021:09:10:35 +0000] "GET /api/w1/categories/60336f8f2b1219e9446517e11 HTTP/1.1" 500 591 "-" "PostmanRuntime/7.26.10"
::1 - - [22/Feb/2021:09:11:02 +0000] "GET /api/w1/categories/60336f8f2b1219e9446517e11 HTTP/1.1" 500 130 "-" "PostmanRuntime/7.26.10"
::1 - - [22/Feb/2021:09:11:29 +0000] "GET /api/w1/categories/60336f8f2b1219e9446517e11 HTTP/1.1" 500 130 "-" "PostmanRuntime/7.26.10"
::1 - - [22/Feb/2021:09:15:15 +0000] "GET /api/w1/categories/60336f8f2b1219e9446517e11 HTTP/1.1" 500 140 "-" "PostmanRuntime/7.26.10"
::1 - - [22/Feb/2021:09:16:18 +0000] "GET /api/w1/categories/60336f8f2b1219e9446517e11 HTTP/1.1" 500 155 "-" "PostmanRuntime/7.26.10"
::1 - - [22/Feb/2021:09:17:03 +0000] "GET /api/w1/categories/60336f8f2b1219e9446517e11 HTTP/1.1" 500 1057 "-" "PostmanRuntime/7.26.10"
::1 - - [22/Feb/2021:09:17:22 +0000] "GET /api/w1/categories/60336f8f2b1219e9446517e11 HTTP/1.1" 500 140 "-" "PostmanRuntime/7.26.10"
::1 - - [22/Feb/2021:09:18:11 +0000] "GET /api/w1/categories/60336f8f2b1219e9446517e11 HTTP/1.1" 500 142 "-" "PostmanRuntime/7.26.10"
::1 - - [22/Feb/2021:09:19:43 +0000] "GET /api/w1/categories/60336f8f2b1219e9446517e11 HTTP/1.1" 500 142 "-" "PostmanRuntime/7.26.10"
::1 - - [22/Feb/2021:09:20:27 +0000] "GET /api/w1/categories/60336f8f2b1219e9446517e11 HTTP/1.1" 500 142 "-" "PostmanRuntime/7.26.10"
::1 - - [22/Feb/2021:09:21:42 +0000] "GET /api/w1/categories/60336f8f2b1219e9446517e11 HTTP/1.1" 500 142 "-" "PostmanRuntime/7.26.10"
::1 - - [22/Feb/2021:09:22:04 +0000] "GET /api/w1/categories/60336f8f2b1219e9446517e11 HTTP/1.1" 500 142 "-" "PostmanRuntime/7.26.10"
::1 - - [22/Feb/2021:09:24:09 +0000] "GET /api/w1/categories/60336f8f2b1219e9446517e11 HTTP/1.1" 500 140 "-" "PostmanRuntime/7.26.10"
::1 - - [22/Feb/2021:09:25:28 +0000] "GET /api/w1/categories/60336f8f2b1219e9446517e11 HTTP/1.1" 500 140 "-" "PostmanRuntime/7.26.10"
::1 - - [22/Feb/2021:09:28:39 +0000] "DELETE /api/w1/categories/60336f8f2b1219e9446517e11 HTTP/1.1" 500 140 "-" "PostmanRuntime/7.26.10"
::1 - - [22/Feb/2021:09:28:51 +0000] "PUT /api/w1/categories/60336f8f2b1219e9446517e11 HTTP/1.1" 500 140 "-" "PostmanRuntime/7.26.10"
::1 - - [22/Feb/2021:09:30:22 +0000] "GET /api/w1/categories/60336f8f2b1219e9446517e11 HTTP/1.1" 500 140 "-" "PostmanRuntime/7.26.10"
::1 - - [22/Feb/2021:09:30:27 +0000] "POST /api/w1/categories/60336f8f2b1219e9446517e11 HTTP/1.1" 404 183 "-" "PostmanRuntime/7.26.10"
::1 - - [22/Feb/2021:09:30:52 +0000] "PUT /api/w1/categories/60336f8f2b1219e9446517e11 HTTP/1.1" 500 140 "-" "PostmanRuntime/7.26.10"
::1 - - [22/Feb/2021:09:31:04 +0000] "POST /api/w1/categories/60336f8f2b1219e9446517e11 HTTP/1.1" 404 183 "-" "PostmanRuntime/7.26.10"
::1 - - [22/Feb/2021:09:37:34 +0000] "GET /api/w1/categories/60336f8f2b1219e9446517e11 HTTP/1.1" 500 140 "-" "PostmanRuntime/7.26.10"
::1 - - [22/Feb/2021:09:39:30 +0000] "GET /api/w1/categories/60336f8f2b1219e9446517e11 HTTP/1.1" 500 140 "-" "PostmanRuntime/7.26.10"
::1 - - [22/Feb/2021:10:30:55 +0000] "GET /api/w1/categories/60336f8f2b1219e9446517e11 HTTP/1.1" 500 140 "-" "PostmanRuntime/7.26.10"
::1 - - [22/Feb/2021:10:31:03 +0000] "GET /api/w1/categories/ HTTP/1.1" 200 382 "-" "PostmanRuntime/7.26.10"
::1 - - [22/Feb/2021:10:31:12 +0000] "GET /api/w1/categories/60333600019bb1556c887824 HTTP/1.1" 200 201 "-" "PostmanRuntime/7.26.10"
::1 - - [22/Feb/2021:10:31:19 +0000] "GET /api/w1/categories/60333600019bb1556c887823 HTTP/1.1" 500 130 "-" "PostmanRuntime/7.26.10"
::1 - - [22/Feb/2021:10:36:24 +0000] "DELETE /api/w1/categories/60333600019bb1556c887823 HTTP/1.1" 500 130 "-" "PostmanRuntime/7.26.10"
::1 - - [22/Feb/2021:10:36:29 +0000] "PUT /api/w1/categories/60333600019bb1556c887823 HTTP/1.1" 500 130 "-" "PostmanRuntime/7.26.10"
::1 - - [22/Feb/2021:10:36:42 +0000] "PUT /api/w1/categories/60333600019bb1556c887824 HTTP/1.1" 200 203 "-" "PostmanRuntime/7.26.10"
::1 - - [22/Feb/2021:10:45:22 +0000] "PUT /api/w1/categories/60333600019bb1556c887824 HTTP/1.1" 500 163 "-" "PostmanRuntime/7.26.10"
::1 - - [22/Feb/2021:14:50:27 +0000] "PUT /api/w1/categories/60333600019bb1556c887824 HTTP/1.1" 500 163 "-" "PostmanRuntime/7.26.10"
::1 - - [22/Feb/2021:14:50:38 +0000] "GET /api/w1/categories/60333600019bb1556c887824 HTTP/1.1" 500 55 "-" "PostmanRuntime/7.26.10"
::1 - - [22/Feb/2021:14:50:53 +0000] "GET /api/w1/categories HTTP/1.1" 500 55 "-" "PostmanRuntime/7.26.10"
::1 - - [22/Feb/2021:14:51:27 +0000] "GET /api/w1/categories HTTP/1.1" 200 384 "-" "PostmanRuntime/7.26.10"
::1 - - [22/Feb/2021:14:51:42 +0000] "GET /api/w1/categories/60333600019bb1556c887824 HTTP/1.1" 200 203 "-" "PostmanRuntime/7.26.10"
::1 - - [22/Feb/2021:14:51:48 +0000] "GET /api/w1/categories/60333600019bb1556c887823 HTTP/1.1" 500 130 "-" "PostmanRuntime/7.26.10"
::1 - - [22/Feb/2021:15:13:38 +0000] "GET /api/w1/categories/60333600019bb1556c887823 HTTP/1.1" 500 130 "-" "PostmanRuntime/7.26.10"
::1 - - [22/Feb/2021:15:14:08 +0000] "GET /api/w1/categories/60333600019bb1556c887823dd HTTP/1.1" 500 141 "-" "PostmanRuntime/7.26.10"
::1 - - [22/Feb/2021:15:14:49 +0000] "GET /api/w1/categories HTTP/1.1" 200 384 "-" "PostmanRuntime/7.26.10"
::1 - - [22/Feb/2021:15:15:01 +0000] "GET /api/w1/categories/60336f8f2b1219e9446517eb HTTP/1.1" 200 202 "-" "PostmanRuntime/7.26.10"
::1 - - [22/Feb/2021:15:15:06 +0000] "GET /api/w1/categories/60336f8f2b1219e9446517ebdd HTTP/1.1" 500 141 "-" "PostmanRuntime/7.26.10"
::1 - - [22/Feb/2021:15:15:20 +0000] "GET /api/w1/categories/60336f8f2b1219e9446517ebdd HTTP/1.1" 500 141 "-" "PostmanRuntime/7.26.10"
::1 - - [22/Feb/2021:15:20:24 +0000] "GET /api/w1/categories/60336f8f2b1219e9446517ebdd HTTP/1.1" 500 90 "-" "PostmanRuntime/7.26.10"
::1 - - [22/Feb/2021:15:20:55 +0000] "GET /api/w1/categories/60336f8f2b1219e9446517ebdd HTTP/1.1" 500 90 "-" "PostmanRuntime/7.26.10"
::1 - - [22/Feb/2021:15:21:46 +0000] "GET /api/w1/categories/60336f8f2b1219e9446517ebdd HTTP/1.1" 500 90 "-" "PostmanRuntime/7.26.10"
::1 - - [22/Feb/2021:15:21:56 +0000] "GET /api/w1/categories/60336f8f2b1219e9446517ebdd HTTP/1.1" 500 90 "-" "PostmanRuntime/7.26.10"
::1 - - [22/Feb/2021:15:22:21 +0000] "GET /api/w1/categories/60336f8f2b1219e9446517ebdd HTTP/1.1" 500 90 "-" "PostmanRuntime/7.26.10"
::1 - - [22/Feb/2021:15:22:50 +0000] "GET /api/w1/categories/60336f8f2b1219e9446517ebdd HTTP/1.1" 500 90 "-" "PostmanRuntime/7.26.10"
::1 - - [22/Feb/2021:15:23:39 +0000] "GET /api/w1/categories/60336f8f2b1219e9446517ebdd HTTP/1.1" 500 90 "-" "PostmanRuntime/7.26.10"
::1 - - [22/Feb/2021:15:24:09 +0000] "GET /api/w1/categories/60336f8f2b1219e9446517ebdd HTTP/1.1" 500 90 "-" "PostmanRuntime/7.26.10"
::1 - - [22/Feb/2021:15:24:25 +0000] "GET /api/w1/categories/60336f8f2b1219e9446517ebdd HTTP/1.1" 500 90 "-" "PostmanRuntime/7.26.10"
::1 - - [22/Feb/2021:15:27:55 +0000] "POST /api/w1/categories/60336f8f2b1219e9446517ebdd HTTP/1.1" 404 184 "-" "PostmanRuntime/7.26.10"
::1 - - [22/Feb/2021:15:28:06 +0000] "POST /api/w1/categories/ HTTP/1.1" 500 847 "-" "PostmanRuntime/7.26.10"
::1 - - [22/Feb/2021:15:29:06 +0000] "GET /api/w1/categories/60336f8f2b1219e9446517ebdd HTTP/1.1" 500 164 "-" "PostmanRuntime/7.26.10"
