::1 - - [22/Feb/2021:16:01:37 +0000] "GET /api/w1/categories/60336f8f2b1219e9446517e HTTP/1.1" 500 158 "-" "PostmanRuntime/7.26.10"
::1 - - [22/Feb/2021:16:01:47 +0000] "GET /api/w1/categories/60336f8f2b1219e9446517e HTTP/1.1" 500 158 "-" "PostmanRuntime/7.26.10"
::1 - - [22/Feb/2021:16:03:38 +0000] "GET /api/w1/categories/ HTTP/1.1" 200 384 "-" "PostmanRuntime/7.26.10"
::1 - - [22/Feb/2021:16:03:43 +0000] "GET /api/w1/categories HTTP/1.1" 200 384 "-" "PostmanRuntime/7.26.10"
::1 - - [22/Feb/2021:16:07:53 +0000] "POST /api/w1/categories HTTP/1.1" 500 847 "-" "PostmanRuntime/7.26.10"
::1 - - [22/Feb/2021:16:13:18 +0000] "GET /api/w1/categories HTTP/1.1" 200 384 "-" "PostmanRuntime/7.26.10"
::1 - - [22/Feb/2021:16:13:28 +0000] "POST /api/w1/categories HTTP/1.1" 500 150 "-" "PostmanRuntime/7.26.10"
::1 - - [22/Feb/2021:16:15:58 +0000] "POST /api/w1/categories HTTP/1.1" 500 150 "-" "PostmanRuntime/7.26.10"
::1 - - [22/Feb/2021:16:17:35 +0000] "POST /api/w1/categories HTTP/1.1" 500 1278 "-" "PostmanRuntime/7.26.10"
::1 - - [22/Feb/2021:16:18:41 +0000] "POST /api/w1/categories HTTP/1.1" 500 1278 "-" "PostmanRuntime/7.26.10"
::1 - - [22/Feb/2021:16:18:53 +0000] "POST /api/w1/categories HTTP/1.1" 500 150 "-" "PostmanRuntime/7.26.10"
::1 - - [22/Feb/2021:16:19:32 +0000] "POST /api/w1/categories HTTP/1.1" 500 229 "-" "PostmanRuntime/7.26.10"
::1 - - [22/Feb/2021:16:20:15 +0000] "POST /api/w1/categories HTTP/1.1" 500 245 "-" "PostmanRuntime/7.26.10"
::1 - - [22/Feb/2021:16:21:04 +0000] "POST /api/w1/categories HTTP/1.1" 500 250 "-" "PostmanRuntime/7.26.10"
::1 - - [22/Feb/2021:16:22:39 +0000] "POST /api/w1/categories HTTP/1.1" 500 244 "-" "PostmanRuntime/7.26.10"
::1 - - [22/Feb/2021:16:25:05 +0000] "POST /api/w1/categories HTTP/1.1" 500 250 "-" "PostmanRuntime/7.26.10"
::1 - - [22/Feb/2021:16:25:20 +0000] "POST /api/w1/categories HTTP/1.1" 500 250 "-" "PostmanRuntime/7.26.10"
::1 - - [22/Feb/2021:16:25:38 +0000] "POST /api/w1/categories HTTP/1.1" 500 1283 "-" "PostmanRuntime/7.26.10"
::1 - - [22/Feb/2021:16:25:51 +0000] "POST /api/w1/categories HTTP/1.1" 500 250 "-" "PostmanRuntime/7.26.10"
::1 - - [22/Feb/2021:16:35:20 +0000] "POST /api/w1/categories HTTP/1.1" 500 250 "-" "PostmanRuntime/7.26.10"
::1 - - [22/Feb/2021:16:35:53 +0000] "POST /api/w1/categories HTTP/1.1" 500 250 "-" "PostmanRuntime/7.26.10"
::1 - - [22/Feb/2021:16:39:21 +0000] "POST /api/w1/categories HTTP/1.1" 500 250 "-" "PostmanRuntime/7.26.10"
::1 - - [22/Feb/2021:16:39:37 +0000] "POST /api/w1/categories HTTP/1.1" 500 267 "-" "PostmanRuntime/7.26.10"
::1 - - [22/Feb/2021:16:55:41 +0000] "POST /api/w1/categories HTTP/1.1" 500 267 "-" "PostmanRuntime/7.26.10"
::1 - - [22/Feb/2021:16:55:45 +0000] "GET /api/w1/categories HTTP/1.1" 200 384 "-" "PostmanRuntime/7.26.10"
::1 - - [22/Feb/2021:16:56:03 +0000] "POST /api/w1/categories HTTP/1.1" 500 267 "-" "PostmanRuntime/7.26.10"
::1 - - [22/Feb/2021:16:56:10 +0000] "POST /api/w1/categories HTTP/1.1" 200 201 "-" "PostmanRuntime/7.26.10"
::1 - - [22/Feb/2021:16:56:57 +0000] "POST /api/w1/categories HTTP/1.1" 500 265 "-" "PostmanRuntime/7.26.10"
::1 - - [22/Feb/2021:16:57:05 +0000] "POST /api/w1/categories HTTP/1.1" 500 266 "-" "PostmanRuntime/7.26.10"
::1 - - [22/Feb/2021:16:57:13 +0000] "POST /api/w1/categories HTTP/1.1" 200 210 "-" "PostmanRuntime/7.26.10"
::1 - - [22/Feb/2021:16:58:08 +0000] "POST /api/w1/categories HTTP/1.1" 200 301 "-" "PostmanRuntime/7.26.10"
::1 - - [22/Feb/2021:16:58:16 +0000] "GET /api/w1/categories HTTP/1.1" 200 1027 "-" "PostmanRuntime/7.26.10"
::1 - - [22/Feb/2021:17:32:59 +0000] "GET /api/w1/categories HTTP/1.1" 200 26 "-" "PostmanRuntime/7.26.10"
::1 - - [22/Feb/2021:17:36:51 +0000] "GET /api/w1/categories HTTP/1.1" 200 1027 "-" "PostmanRuntime/7.26.10"
::1 - - [22/Feb/2021:17:37:06 +0000] "GET /api/w1/categories HTTP/1.1" 200 26 "-" "PostmanRuntime/7.26.10"
::1 - - [22/Feb/2021:17:38:34 +0000] "GET /api/w1/categories HTTP/1.1" 200 26 "-" "PostmanRuntime/7.26.10"
::1 - - [22/Feb/2021:17:38:48 +0000] "GET /api/w1/categories HTTP/1.1" 200 302 "-" "PostmanRuntime/7.26.10"
::1 - - [23/Feb/2021:03:41:04 +0000] "GET /api/w1/categories HTTP/1.1" 200 302 "-" "PostmanRuntime/7.26.10"
::1 - - [23/Feb/2021:03:42:09 +0000] "GET /api/w1/categories HTTP/1.1" 200 302 "-" "PostmanRuntime/7.26.10"
::1 - - [23/Feb/2021:03:42:17 +0000] "POST /api/w1/categories HTTP/1.1" 200 319 "-" "PostmanRuntime/7.26.10"
::1 - - [23/Feb/2021:03:53:29 +0000] "POST /api/w1/categories HTTP/1.1" 200 320 "-" "PostmanRuntime/7.26.10"
::1 - - [23/Feb/2021:03:53:59 +0000] "POST /api/w1/categories HTTP/1.1" 200 320 "-" "PostmanRuntime/7.26.10"
::1 - - [23/Feb/2021:03:59:08 +0000] "POST /api/w1/categories HTTP/1.1" 200 343 "-" "PostmanRuntime/7.26.10"
::1 - - [23/Feb/2021:04:00:08 +0000] "POST /api/w1/categories HTTP/1.1" 200 345 "-" "PostmanRuntime/7.26.10"
::1 - - [23/Feb/2021:06:06:10 +0000] "POST /api/w1/categories HTTP/1.1" 500 38 "-" "PostmanRuntime/7.26.10"
::1 - - [23/Feb/2021:06:18:19 +0000] "POST /api/w1/categories HTTP/1.1" 500 38 "-" "PostmanRuntime/7.26.10"
::1 - - [23/Feb/2021:06:18:34 +0000] "GET /api/w1/categories HTTP/1.1" 200 26 "-" "PostmanRuntime/7.26.10"
::1 - - [23/Feb/2021:06:18:39 +0000] "POST /api/w1/categories HTTP/1.1" 500 38 "-" "PostmanRuntime/7.26.10"
::1 - - [23/Feb/2021:06:20:08 +0000] "POST /api/w1/categories HTTP/1.1" 200 382 "-" "PostmanRuntime/7.26.10"
::1 - - [23/Feb/2021:06:20:52 +0000] "GET /api/w1/categories HTTP/1.1" 200 26 "-" "PostmanRuntime/7.26.10"
::1 - - [23/Feb/2021:06:21:07 +0000] "GET /api/w1/categories HTTP/1.1" 200 358 "-" "PostmanRuntime/7.26.10"
::1 - - [23/Feb/2021:06:29:52 +0000] "GET /api/w1/categories HTTP/1.1" 200 358 "-" "PostmanRuntime/7.26.10"
::1 - - [23/Feb/2021:06:29:56 +0000] "POST /api/w1/categories HTTP/1.1" 200 382 "-" "PostmanRuntime/7.26.10"
::1 - - [23/Feb/2021:06:30:34 +0000] "POST /api/w1/categories HTTP/1.1" 500 284 "-" "PostmanRuntime/7.26.10"
::1 - - [23/Feb/2021:06:30:40 +0000] "POST /api/w1/categories HTTP/1.1" 200 385 "-" "PostmanRuntime/7.26.10"
::1 - - [23/Feb/2021:06:31:00 +0000] "POST /api/w1/categories HTTP/1.1" 200 384 "-" "PostmanRuntime/7.26.10"
::1 - - [23/Feb/2021:06:31:08 +0000] "POST /api/w1/categories HTTP/1.1" 200 385 "-" "PostmanRuntime/7.26.10"
::1 - - [23/Feb/2021:06:31:18 +0000] "POST /api/w1/categories HTTP/1.1" 200 384 "-" "PostmanRuntime/7.26.10"
::1 - - [23/Feb/2021:06:31:31 +0000] "GET /api/w1/categories HTTP/1.1" 200 2163 "-" "PostmanRuntime/7.26.10"
::1 - - [23/Feb/2021:06:32:06 +0000] "GET /api/w1/categories HTTP/1.1" 200 358 "-" "PostmanRuntime/7.26.10"
::1 - - [23/Feb/2021:06:32:25 +0000] "GET /api/w1/categories HTTP/1.1" 200 358 "-" "PostmanRuntime/7.26.10"
::1 - - [23/Feb/2021:06:32:27 +0000] "GET /api/w1/categories HTTP/1.1" 200 358 "-" "PostmanRuntime/7.26.10"
::1 - - [23/Feb/2021:06:32:28 +0000] "GET /api/w1/categories HTTP/1.1" 200 358 "-" "PostmanRuntime/7.26.10"
::1 - - [23/Feb/2021:06:32:28 +0000] "GET /api/w1/categories HTTP/1.1" 200 358 "-" "PostmanRuntime/7.26.10"
::1 - - [23/Feb/2021:06:32:29 +0000] "GET /api/w1/categories HTTP/1.1" 200 358 "-" "PostmanRuntime/7.26.10"
::1 - - [23/Feb/2021:06:32:30 +0000] "GET /api/w1/categories HTTP/1.1" 200 358 "-" "PostmanRuntime/7.26.10"
::1 - - [23/Feb/2021:06:32:30 +0000] "GET /api/w1/categories HTTP/1.1" 200 358 "-" "PostmanRuntime/7.26.10"
::1 - - [23/Feb/2021:06:32:38 +0000] "POST /api/w1/categories HTTP/1.1" 200 384 "-" "PostmanRuntime/7.26.10"
::1 - - [23/Feb/2021:06:35:06 +0000] "GET /api/w1/categories HTTP/1.1" 200 719 "-" "PostmanRuntime/7.26.10"
::1 - - [23/Feb/2021:06:35:31 +0000] "GET /api/w1/categories HTTP/1.1" 200 26 "-" "PostmanRuntime/7.26.10"
::1 - - [23/Feb/2021:06:35:43 +0000] "GET /api/w1/categories HTTP/1.1" 200 358 "-" "PostmanRuntime/7.26.10"
::1 - - [23/Feb/2021:06:35:58 +0000] "GET /api/w1/categories HTTP/1.1" 200 358 "-" "PostmanRuntime/7.26.10"
::1 - - [23/Feb/2021:06:36:09 +0000] "GET /api/w1/categories HTTP/1.1" 200 358 "-" "PostmanRuntime/7.26.10"
::1 - - [23/Feb/2021:06:36:16 +0000] "POST /api/w1/categories HTTP/1.1" 200 382 "-" "PostmanRuntime/7.26.10"
::1 - - [23/Feb/2021:06:36:21 +0000] "GET /api/w1/categories HTTP/1.1" 200 717 "-" "PostmanRuntime/7.26.10"
::1 - - [23/Feb/2021:06:38:08 +0000] "POST /api/w1/categories HTTP/1.1" 200 254 "-" "PostmanRuntime/7.26.10"
::1 - - [23/Feb/2021:06:38:50 +0000] "POST /api/w1/categories HTTP/1.1" 200 256 "-" "PostmanRuntime/7.26.10"
::1 - - [23/Feb/2021:06:39:33 +0000] "POST /api/w1/categories HTTP/1.1" 200 249 "-" "PostmanRuntime/7.26.10"
::1 - - [23/Feb/2021:06:39:51 +0000] "POST /api/w1/categories HTTP/1.1" 200 240 "-" "PostmanRuntime/7.26.10"
::1 - - [23/Feb/2021:06:39:57 +0000] "GET /api/w1/categories HTTP/1.1" 200 1624 "-" "PostmanRuntime/7.26.10"
::1 - - [23/Feb/2021:06:42:25 +0000] "GET /api/w1/categories HTTP/1.1" 200 26 "-" "PostmanRuntime/7.26.10"
::1 - - [23/Feb/2021:06:42:40 +0000] "GET /api/w1/categories HTTP/1.1" 200 1625 "-" "PostmanRuntime/7.26.10"
::1 - - [23/Feb/2021:06:43:18 +0000] "GET /api/w1/categories HTTP/1.1" 200 26 "-" "PostmanRuntime/7.26.10"
::1 - - [23/Feb/2021:06:43:41 +0000] "GET /api/w1/categories HTTP/1.1" 200 1294 "-" "PostmanRuntime/7.26.10"
::1 - - [23/Feb/2021:06:48:36 +0000] "GET /api/w1/categories?name=%D1%8F%D0%BF%D0%BE%D0%BD HTTP/1.1" 200 1294 "-" "PostmanRuntime/7.26.10"
::1 - - [23/Feb/2021:06:48:53 +0000] "GET /api/w1/categories?name=%D1%8F%D0%BF%D0%BE%D0%BD HTTP/1.1" 200 26 "-" "PostmanRuntime/7.26.10"
::1 - - [23/Feb/2021:06:49:08 +0000] "GET /api/w1/categories?name=%D0%AF%D0%BF%D0%BE%D0%BD HTTP/1.1" 200 242 "-" "PostmanRuntime/7.26.10"
::1 - - [23/Feb/2021:07:00:47 +0000] "GET /api/w1/categories?name=%D0%AF%D0%BF%D0%BE%D0%BD HTTP/1.1" 200 242 "-" "PostmanRuntime/7.26.10"
::1 - - [23/Feb/2021:07:00:55 +0000] "GET /api/w1/categories HTTP/1.1" 200 1294 "-" "PostmanRuntime/7.26.10"
::1 - - [23/Feb/2021:07:02:44 +0000] "GET /api/w1/categories?averagePrice[$gte]=50000 HTTP/1.1" 200 846 "-" "PostmanRuntime/7.26.10"
::1 - - [23/Feb/2021:07:05:04 +0000] "GET /api/w1/categories?averagePrice[$lt]=50000 HTTP/1.1" 200 473 "-" "PostmanRuntime/7.26.10"
::1 - - [23/Feb/2021:07:07:00 +0000] "GET /api/w1/categories?averagePrice[$lt]=50000&averageRating[$lte]=6 HTTP/1.1" 200 242 "-" "PostmanRuntime/7.26.10"
::1 - - [23/Feb/2021:07:09:15 +0000] "GET /api/w1/categories?averagePrice[$lt]=50000 HTTP/1.1" 200 473 "-" "PostmanRuntime/7.26.10"
::1 - - [23/Feb/2021:09:26:42 +0000] "GET /api/w1/categories?averagePrice[$lt]=50000 HTTP/1.1" 200 473 "-" "PostmanRuntime/7.26.10"
::1 - - [23/Feb/2021:09:27:41 +0000] "GET /api/w1/categories?select=name%20slug%20averagePrice HTTP/1.1" 200 538 "-" "PostmanRuntime/7.26.10"
::1 - - [23/Feb/2021:09:28:22 +0000] "GET /api/w1/categories?select=name%20slug%20averagePrice%20averagePating HTTP/1.1" 200 538 "-" "PostmanRuntime/7.26.10"
::1 - - [23/Feb/2021:09:30:30 +0000] "GET /api/w1/categories?select=name%20slug%20averagePrice%20averageRating& HTTP/1.1" 200 629 "-" "PostmanRuntime/7.26.10"
::1 - - [23/Feb/2021:09:30:46 +0000] "GET /api/w1/categories?select=name%20slug%20averagePrice%20averageRating&averageRating[$gte]=4 HTTP/1.1" 200 629 "-" "PostmanRuntime/7.26.10"
::1 - - [23/Feb/2021:09:31:04 +0000] "GET /api/w1/categories?select=name%20slug%20averagePrice%20averageRating&averageRating[$lt]=4 HTTP/1.1" 200 26 "-" "PostmanRuntime/7.26.10"
::1 - - [23/Feb/2021:09:32:50 +0000] "GET /api/w1/categories?select=name%20slug%20averagePrice%20averageRating&averageRating[$gte]=8 HTTP/1.1" 200 405 "-" "PostmanRuntime/7.26.10"
::1 - - [23/Feb/2021:09:34:33 +0000] "GET /api/w1/categories?select=name%20slug%20averagePrice%20averageRating&averageRating[$gte]=8&sort=averagePrice HTTP/1.1" 200 405 "-" "PostmanRuntime/7.26.10"
::1 - - [23/Feb/2021:09:34:42 +0000] "GET /api/w1/categories?select=name%20slug%20averagePrice%20averageRating&averageRating[$gte]=8&sort=-averagePrice HTTP/1.1" 200 405 "-" "PostmanRuntime/7.26.10"
::1 - - [23/Feb/2021:09:34:57 +0000] "GET /api/w1/categories?select=name%20slug%20averagePrice%20averageRating&averageRating[$gte]=8&sort=-averagePrice%20averageRating HTTP/1.1" 200 405 "-" "PostmanRuntime/7.26.10"
::1 - - [23/Feb/2021:09:35:13 +0000] "GET /api/w1/categories?select=name%20slug%20averagePrice%20averageRating&averageRating[$gte]=8&sort=-averagePrice%20-averageRating HTTP/1.1" 200 405 "-" "PostmanRuntime/7.26.10"
::1 - - [23/Feb/2021:09:36:04 +0000] "GET /api/w1/categories?select=name%20slug%20averagePrice%20averageRating&averageRating[$gte]=8&sort=averageRating HTTP/1.1" 200 405 "-" "PostmanRuntime/7.26.10"
::1 - - [23/Feb/2021:09:36:34 +0000] "GET /api/w1/categories?select=name%20slug%20averagePrice%20averageRating&averageRating[$gte]=8&sort=averageRating%20averagePrice%20 HTTP/1.1" 200 405 "-" "PostmanRuntime/7.26.10"
::1 - - [23/Feb/2021:12:16:53 +0000] "GET /api/w1/categories?select=name&name=%D0%9C%D0%BE%D0%BD%D0%B3%D0%BE%D0%BB%20%D1%83%D0%BB%D1%81&page=2&limit=1%20 HTTP/1.1" 200 89 "-" "PostmanRuntime/7.26.10"
::1 - - [23/Feb/2021:12:18:00 +0000] "GET /api/w1/categories?select=name&name=%D0%9C%D0%BE%D0%BD%D0%B3%D0%BE%D0%BB%20%D1%83%D0%BB%D1%81&page=2&limit=1%20 HTTP/1.1" 500 38 "-" "PostmanRuntime/7.26.10"
::1 - - [23/Feb/2021:12:18:34 +0000] "GET /api/w1/categories?select=name&name=%D0%9C%D0%BE%D0%BD%D0%B3%D0%BE%D0%BB%20%D1%83%D0%BB%D1%81&page=2&limit=1%20 HTTP/1.1" 500 273 "-" "PostmanRuntime/7.26.10"
::1 - - [23/Feb/2021:12:19:38 +0000] "GET /api/w1/categories?select=name&name=%D0%9C%D0%BE%D0%BD%D0%B3%D0%BE%D0%BB%20%D1%83%D0%BB%D1%81&page=2&limit=1%20 HTTP/1.1" 200 89 "-" "PostmanRuntime/7.26.10"
::1 - - [23/Feb/2021:12:20:23 +0000] "GET /api/w1/categories?select=name%20&page=2&limit=1%20 HTTP/1.1" 200 96 "-" "PostmanRuntime/7.26.10"
::1 - - [23/Feb/2021:12:20:30 +0000] "GET /api/w1/categories?select=name%20&page=2&limit=2 HTTP/1.1" 200 160 "-" "PostmanRuntime/7.26.10"
::1 - - [23/Feb/2021:12:43:58 +0000] "GET /api/w1/categories?select=name%20&page=2&limit=1 HTTP/1.1" 200 159 "-" "PostmanRuntime/7.26.10"
::1 - - [23/Feb/2021:12:44:34 +0000] "GET /api/w1/categories?select=name%20&page=1&limit=1 HTTP/1.1" 200 166 "-" "PostmanRuntime/7.26.10"
::1 - - [23/Feb/2021:12:44:48 +0000] "GET /api/w1/categories?select=name%20&page=3&limit=1 HTTP/1.1" 200 157 "-" "PostmanRuntime/7.26.10"
::1 - - [23/Feb/2021:12:45:19 +0000] "GET /api/w1/categories?select=name%20&page=5&limit=1 HTTP/1.1" 200 135 "-" "PostmanRuntime/7.26.10"
::1 - - [23/Feb/2021:12:58:31 +0000] "GET /api/w1/categories?select=name%20&page=4&limit=1 HTTP/1.1" 200 155 "-" "PostmanRuntime/7.26.10"
::1 - - [23/Feb/2021:13:00:09 +0000] "GET /api/w1/categories?select=name%20&page=2&limit=1 HTTP/1.1" 200 159 "-" "PostmanRuntime/7.26.10"
::1 - - [23/Feb/2021:13:00:47 +0000] "GET /api/w1/categories?select=name%20&page=2&limit=1 HTTP/1.1" 200 172 "-" "PostmanRuntime/7.26.10"
::1 - - [23/Feb/2021:13:00:55 +0000] "GET /api/w1/categories?select=name%20&page=1&limit=1 HTTP/1.1" 200 166 "-" "PostmanRuntime/7.26.10"
::1 - - [23/Feb/2021:13:01:03 +0000] "GET /api/w1/categories?select=name%20&page=4&limit=1 HTTP/1.1" 200 168 "-" "PostmanRuntime/7.26.10"
::1 - - [23/Feb/2021:13:15:43 +0000] "GET /api/w1/categories?select=name%20&page=4&limit=1 HTTP/1.1" 200 178 "-" "PostmanRuntime/7.26.10"
::1 - - [23/Feb/2021:13:16:39 +0000] "GET /api/w1/categories?select=name%20&page=4&limit=1 HTTP/1.1" 200 178 "-" "PostmanRuntime/7.26.10"
::1 - - [23/Feb/2021:13:16:49 +0000] "GET /api/w1/categories?select=name%20 HTTP/1.1" 200 404 "-" "PostmanRuntime/7.26.10"
::1 - - [23/Feb/2021:13:20:04 +0000] "GET /api/w1/categories?select=name%20&page=1&limit=1 HTTP/1.1" 200 176 "-" "PostmanRuntime/7.26.10"
::1 - - [24/Feb/2021:14:59:02 +0000] "GET /api/w1/categories HTTP/1.1" 200 1360 "-" "PostmanRuntime/7.26.10"
::1 - - [24/Feb/2021:14:59:35 +0000] "GET /api/w1/categories/6034a26038547a8788b75c5b HTTP/1.1" 200 381 "-" "PostmanRuntime/7.26.10"
::1 - - [24/Feb/2021:14:59:49 +0000] "GET /api/w1/categories/6034a26038547a8788b75c5b/books HTTP/1.1" 200 36 "-" "PostmanRuntime/7.26.10"
::1 - - [24/Feb/2021:15:00:30 +0000] "GET /api/w1/books HTTP/1.1" 200 28916 "-" "PostmanRuntime/7.26.10"
::1 - - [24/Feb/2021:15:02:19 +0000] "GET /api/w1/categories/6034a26038547a8788b75c5b/books HTTP/1.1" 200 36 "-" "PostmanRuntime/7.26.10"
::1 - - [24/Feb/2021:15:02:20 +0000] "GET /api/w1/categories/6034a26038547a8788b75c5b/books HTTP/1.1" 200 36 "-" "PostmanRuntime/7.26.10"
::1 - - [24/Feb/2021:15:05:47 +0000] "GET /api/w1/categories/6034a26038547a8788b75c5b/books HTTP/1.1" 200 36 "-" "PostmanRuntime/7.26.10"
::1 - - [24/Feb/2021:15:08:10 +0000] "GET /api/w1/books HTTP/1.1" 200 28916 "-" "PostmanRuntime/7.26.10"
::1 - - [24/Feb/2021:15:08:34 +0000] "GET /api/w1/categories/6034a26038547a8788b75c5b/books HTTP/1.1" 200 36 "-" "PostmanRuntime/7.26.10"
::1 - - [24/Feb/2021:15:09:22 +0000] "GET /api/w1/categories/6034a26038547a8788b75c5b/book HTTP/1.1" 404 186 "-" "PostmanRuntime/7.26.10"
::1 - - [24/Feb/2021:15:09:25 +0000] "GET /api/w1/categories/6034a26038547a8788b75c5b/ HTTP/1.1" 200 381 "-" "PostmanRuntime/7.26.10"
::1 - - [24/Feb/2021:15:09:46 +0000] "GET /api/w1/6034a26038547a8788b75c5b/books HTTP/1.1" 404 176 "-" "PostmanRuntime/7.26.10"
::1 - - [24/Feb/2021:15:17:31 +0000] "GET /api/w1/6034a26038547a8788b75c5b/books HTTP/1.1" 404 176 "-" "PostmanRuntime/7.26.10"
::1 - - [24/Feb/2021:15:17:50 +0000] "GET /api/w1/books HTTP/1.1" 200 28916 "-" "PostmanRuntime/7.26.10"
::1 - - [24/Feb/2021:15:18:02 +0000] "GET /api/w1/categories HTTP/1.1" 200 1290 "-" "PostmanRuntime/7.26.10"
::1 - - [24/Feb/2021:15:18:38 +0000] "GET /api/w1/categories HTTP/1.1" 200 1290 "-" "PostmanRuntime/7.26.10"
::1 - - [24/Feb/2021:15:19:24 +0000] "GET /api/w1/categories/5e90434cd433fa11b078ed8a/books HTTP/1.1" 200 7858 "-" "PostmanRuntime/7.26.10"
