::1 - - [24/Feb/2021:16:41:04 +0000] "GET /api/w1/categories HTTP/1.1" 200 1290 "-" "PostmanRuntime/7.26.10"
::1 - - [24/Feb/2021:16:41:20 +0000] "GET /api/w1/books HTTP/1.1" 200 28916 "-" "PostmanRuntime/7.26.10"
::1 - - [24/Feb/2021:16:44:13 +0000] "GET /api/w1/categories HTTP/1.1" 200 1290 "-" "PostmanRuntime/7.26.10"
::1 - - [24/Feb/2021:16:46:42 +0000] "GET /api/w1/categories HTTP/1.1" 200 1300 "-" "PostmanRuntime/7.26.10"
::1 - - [24/Feb/2021:16:48:46 +0000] "GET /api/w1/category HTTP/1.1" 404 154 "-" "PostmanRuntime/7.26.10"
::1 - - [24/Feb/2021:16:49:00 +0000] "GET /api/w1/categories HTTP/1.1" 200 1300 "-" "PostmanRuntime/7.26.10"
::1 - - [24/Feb/2021:16:49:15 +0000] "GET /api/w1/categories/5e90434cd433fa11b078ed8a HTTP/1.1" 200 327 "-" "PostmanRuntime/7.26.10"
::1 - - [24/Feb/2021:17:11:13 +0000] "GET /api/w1/books HTTP/1.1" 500 38 "-" "PostmanRuntime/7.26.10"
::1 - - [24/Feb/2021:17:11:36 +0000] "GET /api/w1/books HTTP/1.1" 200 33814 "-" "PostmanRuntime/7.26.10"
::1 - - [24/Feb/2021:17:13:36 +0000] "GET /api/w1/books HTTP/1.1" 200 29976 "-" "PostmanRuntime/7.26.10"
::1 - - [24/Feb/2021:17:22:26 +0000] "GET /api/w1/books HTTP/1.1" 200 30912 "-" "PostmanRuntime/7.26.10"
::1 - - [24/Feb/2021:17:24:18 +0000] "GET /api/w1/books HTTP/1.1" 200 31398 "-" "PostmanRuntime/7.26.10"
::1 - - [24/Feb/2021:17:26:18 +0000] "GET /api/w1/books HTTP/1.1" 200 31326 "-" "PostmanRuntime/7.26.10"
::1 - - [24/Feb/2021:17:29:28 +0000] "GET /api/w1/books HTTP/1.1" 200 31298 "-" "PostmanRuntime/7.26.10"
::1 - - [24/Feb/2021:17:29:55 +0000] "GET /api/w1/books HTTP/1.1" 200 31512 "-" "PostmanRuntime/7.26.10"
::1 - - [24/Feb/2021:17:30:17 +0000] "GET /api/w1/books HTTP/1.1" 200 31485 "-" "PostmanRuntime/7.26.10"
::1 - - [24/Feb/2021:17:40:57 +0000] "GET /api/w1/categories/5e90434cd433fa11b078ed8a HTTP/1.1" 200 327 "-" "PostmanRuntime/7.26.10"
::1 - - [24/Feb/2021:18:00:17 +0000] "GET /api/w1/categories/5e90434cd433fa11b078ed8a HTTP/1.1" 200 8631 "-" "PostmanRuntime/7.26.10"
::1 - - [24/Feb/2021:18:01:11 +0000] "GET /api/w1/categories/5e90434cd433fa11b078ed8a HTTP/1.1" 200 8631 "-" "PostmanRuntime/7.26.10"
::1 - - [24/Feb/2021:18:02:27 +0000] "GET /api/w1/categories/5e90434cd433fa11b078ed8a HTTP/1.1" 200 8651 "-" "PostmanRuntime/7.26.10"
::1 - - [24/Feb/2021:18:03:09 +0000] "GET /api/w1/categories/ HTTP/1.1" 200 1428 "-" "PostmanRuntime/7.26.10"
::1 - - [24/Feb/2021:18:03:22 +0000] "GET /api/w1/categories/5e90478549941f52dcb01b34 HTTP/1.1" 200 7904 "-" "PostmanRuntime/7.26.10"
::1 - - [25/Feb/2021:04:24:26 +0000] "GET /api/w1/categories/5e90478549941f52dcb01b34 HTTP/1.1" 200 7905 "-" "PostmanRuntime/7.26.10"
::1 - - [25/Feb/2021:04:30:35 +0000] "GET /api/w1/categories/5e90478549941f52dcb01b34 HTTP/1.1" 200 7917 "-" "PostmanRuntime/7.26.10"
::1 - - [25/Feb/2021:04:30:52 +0000] "GET /api/w1/categories/5e90478549941f52dcb01b34 HTTP/1.1" 200 7970 "-" "PostmanRuntime/7.26.10"
::1 - - [25/Feb/2021:05:50:26 +0000] "GET /api/w1/categories/5e90478549941f52dcb01b34 HTTP/1.1" 200 7926 "-" "PostmanRuntime/7.26.10"
::1 - - [25/Feb/2021:05:50:35 +0000] "GET /api/w1/categories/5e90478549941f52dcb01b34 HTTP/1.1" 200 7927 "-" "PostmanRuntime/7.26.10"
::1 - - [25/Feb/2021:05:50:36 +0000] "GET /api/w1/categories/5e90478549941f52dcb01b34 HTTP/1.1" 200 7929 "-" "PostmanRuntime/7.26.10"
::1 - - [25/Feb/2021:05:50:37 +0000] "GET /api/w1/categories/5e90478549941f52dcb01b34 HTTP/1.1" 200 7931 "-" "PostmanRuntime/7.26.10"
::1 - - [25/Feb/2021:05:50:38 +0000] "GET /api/w1/categories/5e90478549941f52dcb01b34 HTTP/1.1" 200 7933 "-" "PostmanRuntime/7.26.10"
::1 - - [25/Feb/2021:05:50:39 +0000] "GET /api/w1/categories/5e90478549941f52dcb01b34 HTTP/1.1" 200 7935 "-" "PostmanRuntime/7.26.10"
::1 - - [25/Feb/2021:05:51:14 +0000] "GET /api/w1/categories/5e90478549941f52dcb01b34 HTTP/1.1" 200 7900 "-" "PostmanRuntime/7.26.10"
::1 - - [25/Feb/2021:05:51:44 +0000] "GET /api/w1/categories/5e90478549941f52dcb01b34 HTTP/1.1" 200 7876 "-" "PostmanRuntime/7.26.10"
::1 - - [25/Feb/2021:05:52:12 +0000] "GET /api/w1/categories/5e90478549941f52dcb01b34 HTTP/1.1" 200 7875 "-" "PostmanRuntime/7.26.10"
::1 - - [25/Feb/2021:05:57:36 +0000] "DELETE /api/w1/categories/5e90478549941f52dcb01b34 HTTP/1.1" 200 322 "-" "PostmanRuntime/7.26.10"
::1 - - [25/Feb/2021:06:12:27 +0000] "DELETE /api/w1/categories/ HTTP/1.1" 404 160 "-" "PostmanRuntime/7.26.10"
::1 - - [25/Feb/2021:06:12:31 +0000] "DELETE /api/w1/categories HTTP/1.1" 404 159 "-" "PostmanRuntime/7.26.10"
::1 - - [25/Feb/2021:06:12:50 +0000] "GET /api/w1/categories HTTP/1.1" 200 1100 "-" "PostmanRuntime/7.26.10"
::1 - - [25/Feb/2021:06:13:13 +0000] "GET /api/w1/books HTTP/1.1" 200 31486 "-" "PostmanRuntime/7.26.10"
::1 - - [25/Feb/2021:06:13:53 +0000] "GET /api/w1/books HTTP/1.1" 200 32066 "-" "PostmanRuntime/7.26.10"
::1 - - [25/Feb/2021:06:14:01 +0000] "GET /api/w1/categories HTTP/1.1" 200 1429 "-" "PostmanRuntime/7.26.10"
::1 - - [25/Feb/2021:06:14:23 +0000] "DELETE /api/w1/categories/5e90434cd433fa11b078ed8a HTTP/1.1" 500 38 "-" "PostmanRuntime/7.26.10"
::1 - - [25/Feb/2021:06:16:41 +0000] "DELETE /api/w1/categories HTTP/1.1" 404 159 "-" "PostmanRuntime/7.26.10"
::1 - - [25/Feb/2021:06:16:48 +0000] "GET /api/w1/categories HTTP/1.1" 200 1429 "-" "PostmanRuntime/7.26.10"
::1 - - [25/Feb/2021:06:16:58 +0000] "GET /api/w1/categories/5e90434cd433fa11b078ed8a HTTP/1.1" 200 8634 "-" "PostmanRuntime/7.26.10"
::1 - - [25/Feb/2021:06:17:22 +0000] "DELETE /api/w1/categories/5e90434cd433fa11b078ed8a HTTP/1.1" 200 334 "-" "PostmanRuntime/7.26.10"
::1 - - [25/Feb/2021:06:19:23 +0000] "GET /api/w1/categories HTTP/1.1" 200 1403 "-" "PostmanRuntime/7.26.10"
::1 - - [25/Feb/2021:06:19:38 +0000] "GET /api/w1/categories/5e90434cd433fa11b078ed8a HTTP/1.1" 200 8626 "-" "PostmanRuntime/7.26.10"
::1 - - [25/Feb/2021:06:19:42 +0000] "DELETE /api/w1/categories/5e90434cd433fa11b078ed8a HTTP/1.1" 200 334 "-" "PostmanRuntime/7.26.10"
::1 - - [25/Feb/2021:06:20:01 +0000] "GET /api/w1/books HTTP/1.1" 200 31496 "-" "PostmanRuntime/7.26.10"
::1 - - [25/Feb/2021:06:20:43 +0000] "GET /api/w1/books HTTP/1.1" 200 31496 "-" "PostmanRuntime/7.26.10"
::1 - - [25/Feb/2021:06:20:50 +0000] "GET /api/w1/categories/5e90434cd433fa11b078ed8a HTTP/1.1" 400 54 "-" "PostmanRuntime/7.26.10"
::1 - - [25/Feb/2021:06:21:12 +0000] "GET /api/w1/categories HTTP/1.1" 200 1092 "-" "PostmanRuntime/7.26.10"
::1 - - [25/Feb/2021:06:21:36 +0000] "GET /api/w1/books HTTP/1.1" 200 31496 "-" "PostmanRuntime/7.26.10"
::1 - - [25/Feb/2021:06:21:50 +0000] "DELETE /api/w1/5e90478549941f52dcb01b34 HTTP/1.1" 404 173 "-" "PostmanRuntime/7.26.10"
::1 - - [25/Feb/2021:06:22:10 +0000] "DELETE /api/w1/categories/5e90478549941f52dcb01b34 HTTP/1.1" 500 38 "-" "PostmanRuntime/7.26.10"
::1 - - [25/Feb/2021:06:22:59 +0000] "DELETE /api/w1/categories/5e90478549941f52dcb01b34 HTTP/1.1" 500 38 "-" "PostmanRuntime/7.26.10"
::1 - - [25/Feb/2021:06:23:25 +0000] "DELETE /api/w1/categories/5e90478549941f52dcb01b34 HTTP/1.1" 500 38 "-" "PostmanRuntime/7.26.10"
::1 - - [25/Feb/2021:06:23:43 +0000] "GET /api/w1/categories/ HTTP/1.1" 200 1092 "-" "PostmanRuntime/7.26.10"
::1 - - [25/Feb/2021:06:23:53 +0000] "GET /api/w1/categories/5e90478549941f52dcb01b34 HTTP/1.1" 200 7885 "-" "PostmanRuntime/7.26.10"
::1 - - [25/Feb/2021:06:23:57 +0000] "DELETE /api/w1/categories/5e90478549941f52dcb01b34 HTTP/1.1" 500 38 "-" "PostmanRuntime/7.26.10"
::1 - - [25/Feb/2021:06:29:09 +0000] "DELETE /api/w1/categories/ HTTP/1.1" 404 160 "-" "PostmanRuntime/7.26.10"
::1 - - [25/Feb/2021:06:29:17 +0000] "GET /api/w1/categories HTTP/1.1" 200 1064 "-" "PostmanRuntime/7.26.10"
::1 - - [25/Feb/2021:06:29:41 +0000] "GET /api/w1/categories/5e90478549941f52dcb01b34 HTTP/1.1" 200 7876 "-" "PostmanRuntime/7.26.10"
::1 - - [25/Feb/2021:06:33:02 +0000] "DELETE /api/w1/categories/5e90478549941f52dcb01b34 HTTP/1.1" 500 38 "-" "PostmanRuntime/7.26.10"
::1 - - [25/Feb/2021:06:33:22 +0000] "DELETE /api/w1/books HTTP/1.1" 404 154 "-" "PostmanRuntime/7.26.10"
::1 - - [25/Feb/2021:06:33:30 +0000] "GET /api/w1/books HTTP/1.1" 200 31401 "-" "PostmanRuntime/7.26.10"
::1 - - [25/Feb/2021:06:33:38 +0000] "GET /api/w1/categories/5e90478549941f52dcb01b34 HTTP/1.1" 200 7876 "-" "PostmanRuntime/7.26.10"
::1 - - [25/Feb/2021:06:34:23 +0000] "GET /api/w1/categories/5e90478549941f52dcb01b34 HTTP/1.1" 200 7876 "-" "PostmanRuntime/7.26.10"
::1 - - [25/Feb/2021:06:34:32 +0000] "DELETE /api/w1/categories/5e90478549941f52dcb01b34 HTTP/1.1" 200 322 "-" "PostmanRuntime/7.26.10"
::1 - - [25/Feb/2021:06:36:15 +0000] "GET /api/w1/categories HTTP/1.1" 200 1063 "-" "PostmanRuntime/7.26.10"
::1 - - [25/Feb/2021:06:36:38 +0000] "GET /api/w1/books HTTP/1.1" 200 31396 "-" "PostmanRuntime/7.26.10"
::1 - - [25/Feb/2021:06:36:51 +0000] "GET /api/w1/categories HTTP/1.1" 200 1063 "-" "PostmanRuntime/7.26.10"
::1 - - [25/Feb/2021:06:48:29 +0000] "GET /api/w1/categories/5e90478549941f52dcb01b34 HTTP/1.1" 200 7875 "-" "PostmanRuntime/7.26.10"
::1 - - [25/Feb/2021:06:48:39 +0000] "DELETE /api/w1/categories/5e90478549941f52dcb01b34 HTTP/1.1" 200 323 "-" "PostmanRuntime/7.26.10"
::1 - - [25/Feb/2021:06:51:16 +0000] "DELETE /api/w1/categories HTTP/1.1" 404 159 "-" "PostmanRuntime/7.26.10"
::1 - - [25/Feb/2021:06:51:33 +0000] "DELETE /api/w1/categories HTTP/1.1" 404 159 "-" "PostmanRuntime/7.26.10"
::1 - - [25/Feb/2021:06:51:38 +0000] "POST /api/w1/categories HTTP/1.1" 200 414 "-" "PostmanRuntime/7.26.10"
::1 - - [25/Feb/2021:06:51:44 +0000] "GET /api/w1/categories HTTP/1.1" 200 1455 "-" "PostmanRuntime/7.26.10"
::1 - - [25/Feb/2021:06:52:04 +0000] "GET /api/w1/categories/5e90478549941f52dcb01b34 HTTP/1.1" 200 7876 "-" "PostmanRuntime/7.26.10"
::1 - - [25/Feb/2021:06:52:09 +0000] "DELETE /api/w1/categories/5e90478549941f52dcb01b34 HTTP/1.1" 200 323 "-" "PostmanRuntime/7.26.10"
::1 - - [25/Feb/2021:06:52:59 +0000] "DELETE /api/w1/categories/5e90478549941f52dcb01b34 HTTP/1.1" 200 323 "-" "PostmanRuntime/7.26.10"
::1 - - [25/Feb/2021:06:53:35 +0000] "DELETE /api/w1/categories/5e90478549941f52dcb01b34 HTTP/1.1" 200 323 "-" "PostmanRuntime/7.26.10"
::1 - - [25/Feb/2021:06:53:58 +0000] "DELETE /api/w1/categories/5e90478549941f52dcb01b34 HTTP/1.1" 200 323 "-" "PostmanRuntime/7.26.10"
::1 - - [25/Feb/2021:06:57:32 +0000] "DELETE /api/w1/categories/5e90478549941f52dcb01b34 HTTP/1.1" 200 323 "-" "PostmanRuntime/7.26.10"
::1 - - [25/Feb/2021:06:59:53 +0000] "GET /api/w1/categories/5e90478549941f52dcb01b34 HTTP/1.1" 200 7876 "-" "PostmanRuntime/7.26.10"
::1 - - [25/Feb/2021:07:01:38 +0000] "GET /api/w1/categories/5e90478549941f52dcb01b34 HTTP/1.1" 200 323 "-" "PostmanRuntime/7.26.10"
::1 - - [25/Feb/2021:07:01:52 +0000] "GET /api/w1/categories/ HTTP/1.1" 200 1455 "-" "PostmanRuntime/7.26.10"
::1 - - [25/Feb/2021:07:02:00 +0000] "GET /api/w1/categories/5e90478549941f52dcb01b34 HTTP/1.1" 200 323 "-" "PostmanRuntime/7.26.10"
::1 - - [25/Feb/2021:07:02:04 +0000] "DELETE /api/w1/categories/5e90478549941f52dcb01b34 HTTP/1.1" 200 323 "-" "PostmanRuntime/7.26.10"
::1 - - [25/Feb/2021:07:03:41 +0000] "GET /api/w1/categories/5e90478549941f52dcb01b34 HTTP/1.1" 200 323 "-" "PostmanRuntime/7.26.10"
::1 - - [25/Feb/2021:07:03:45 +0000] "DELETE /api/w1/categories/5e90478549941f52dcb01b34 HTTP/1.1" 200 323 "-" "PostmanRuntime/7.26.10"
::1 - - [25/Feb/2021:07:04:01 +0000] "DELETE /api/w1/books HTTP/1.1" 404 154 "-" "PostmanRuntime/7.26.10"
::1 - - [25/Feb/2021:07:04:06 +0000] "GET /api/w1/books HTTP/1.1" 200 23528 "-" "PostmanRuntime/7.26.10"
::1 - - [25/Feb/2021:07:05:26 +0000] "GET /api/w1/categories HTTP/1.1" 200 1155 "-" "PostmanRuntime/7.26.10"
::1 - - [25/Feb/2021:07:05:37 +0000] "GET /api/w1/categories/5e9047fd49941f52dcb01b35 HTTP/1.1" 200 7547 "-" "PostmanRuntime/7.26.10"
::1 - - [25/Feb/2021:07:05:46 +0000] "DELETE /api/w1/categories/5e9047fd49941f52dcb01b35 HTTP/1.1" 200 310 "-" "PostmanRuntime/7.26.10"
::1 - - [25/Feb/2021:07:06:14 +0000] "DELETE /api/w1/books HTTP/1.1" 404 154 "-" "PostmanRuntime/7.26.10"
::1 - - [25/Feb/2021:07:06:18 +0000] "GET /api/w1/books HTTP/1.1" 200 23108 "-" "PostmanRuntime/7.26.10"
::1 - - [25/Feb/2021:07:08:01 +0000] "GET /api/w1/books HTTP/1.1" 200 23108 "-" "PostmanRuntime/7.26.10"
::1 - - [25/Feb/2021:07:08:20 +0000] "GET /api/w1/%D1%91%D0%B9 HTTP/1.1" 404 158 "-" "PostmanRuntime/7.26.10"
::1 - - [25/Feb/2021:07:08:29 +0000] "GET /api/w1/categories HTTP/1.1" 200 856 "-" "PostmanRuntime/7.26.10"
::1 - - [25/Feb/2021:07:08:43 +0000] "DELETE /api/w1/categories/5e96cc1ba816c94e009a9c9e HTTP/1.1" 200 384 "-" "PostmanRuntime/7.26.10"
::1 - - [25/Feb/2021:07:09:31 +0000] "GET /api/w1/books HTTP/1.1" 200 15263 "-" "PostmanRuntime/7.26.10"
::1 - - [25/Feb/2021:07:15:36 +0000] "GET /api/w1/ca HTTP/1.1" 404 148 "-" "PostmanRuntime/7.26.10"
::1 - - [25/Feb/2021:07:15:42 +0000] "GET /api/w1/categories HTTP/1.1" 200 495 "-" "PostmanRuntime/7.26.10"
::1 - - [25/Feb/2021:07:15:58 +0000] "DELETE /api/w1/categories/603748fadc08c86640ebb241 HTTP/1.1" 200 414 "-" "PostmanRuntime/7.26.10"
::1 - - [25/Feb/2021:07:16:39 +0000] "GET /api/w1/categories HTTP/1.1" 200 105 "-" "PostmanRuntime/7.26.10"
::1 - - [25/Feb/2021:07:16:47 +0000] "GET /api/w1/books HTTP/1.1" 200 15263 "-" "PostmanRuntime/7.26.10"
::1 - - [25/Feb/2021:07:17:29 +0000] "GET /api/w1/books HTTP/1.1" 200 32066 "-" "PostmanRuntime/7.26.10"
::1 - - [25/Feb/2021:07:17:42 +0000] "GET /api/w1/categories HTTP/1.1" 200 1431 "-" "PostmanRuntime/7.26.10"
::1 - - [25/Feb/2021:07:17:51 +0000] "GET /api/w1/books HTTP/1.1" 200 32066 "-" "PostmanRuntime/7.26.10"
::1 - - [25/Feb/2021:14:41:33 +0000] "GET /api/w1/books HTTP/1.1" 200 32066 "-" "PostmanRuntime/7.26.10"
::1 - - [25/Feb/2021:14:41:59 +0000] "GET /api/w1/60374f07118b9596c4c7cd39 HTTP/1.1" 404 170 "-" "PostmanRuntime/7.26.10"
::1 - - [25/Feb/2021:14:42:11 +0000] "GET /api/w1/books/60374f07118b9596c4c7cd39 HTTP/1.1" 500 38 "-" "PostmanRuntime/7.26.10"
::1 - - [25/Feb/2021:14:43:18 +0000] "GET /api/w1/books/ HTTP/1.1" 200 32066 "-" "PostmanRuntime/7.26.10"
::1 - - [25/Feb/2021:14:43:58 +0000] "GET /api/w1/books/60374f07118b9596c4c7cd39 HTTP/1.1" 500 38 "-" "PostmanRuntime/7.26.10"
::1 - - [25/Feb/2021:14:47:20 +0000] "GET /api/w1/books/60374f07118b9596c4c7cd39 HTTP/1.1" 500 38 "-" "PostmanRuntime/7.26.10"
::1 - - [25/Feb/2021:14:47:21 +0000] "GET /api/w1/books/60374f07118b9596c4c7cd39 HTTP/1.1" 500 38 "-" "PostmanRuntime/7.26.10"
::1 - - [25/Feb/2021:14:49:50 +0000] "GET /api/w1/books/60374f07118b9596c4c7cd39 HTTP/1.1" 200 1801 "-" "PostmanRuntime/7.26.10"
::1 - - [25/Feb/2021:14:50:53 +0000] "GET /api/w1/books/60374f07118b9596c4c7cd39 HTTP/1.1" 200 1799 "-" "PostmanRuntime/7.26.10"
::1 - - [25/Feb/2021:14:57:59 +0000] "POST /api/w1/books/60374f07118b9596c4c7cd39 HTTP/1.1" 404 177 "-" "PostmanRuntime/7.26.10"
::1 - - [25/Feb/2021:14:58:07 +0000] "POST /api/w1/books HTTP/1.1" 404 152 "-" "PostmanRuntime/7.26.10"
::1 - - [25/Feb/2021:14:58:17 +0000] "GET /api/w1/books HTTP/1.1" 200 32066 "-" "PostmanRuntime/7.26.10"
::1 - - [25/Feb/2021:15:09:41 +0000] "GET /api/w1/books HTTP/1.1" 200 32066 "-" "PostmanRuntime/7.26.10"
::1 - - [25/Feb/2021:15:10:47 +0000] "GET /api/w1/books HTTP/1.1" 200 32066 "-" "PostmanRuntime/7.26.10"
::1 - - [25/Feb/2021:15:11:09 +0000] "POST /api/w1/books HTTP/1.1" 404 54 "-" "PostmanRuntime/7.26.10"
::1 - - [25/Feb/2021:15:12:22 +0000] "POST /api/w1/books HTTP/1.1" 200 823 "-" "PostmanRuntime/7.26.10"
::1 - - [25/Feb/2021:15:12:32 +0000] "GET /api/w1/books HTTP/1.1" 200 32959 "-" "PostmanRuntime/7.26.10"
::1 - - [26/Feb/2021:03:02:42 +0000] "GET /api/w1/books HTTP/1.1" 200 36 "-" "PostmanRuntime/7.26.10"
::1 - - [26/Feb/2021:03:02:53 +0000] "GET /api/w1/category HTTP/1.1" 404 154 "-" "PostmanRuntime/7.26.10"
::1 - - [26/Feb/2021:03:03:13 +0000] "GET /api/w1/categories HTTP/1.1" 200 1427 "-" "PostmanRuntime/7.26.10"
::1 - - [26/Feb/2021:03:03:44 +0000] "GET /api/w1/books HTTP/1.1" 200 36 "-" "PostmanRuntime/7.26.10"
::1 - - [26/Feb/2021:03:04:22 +0000] "GET /api/w1/books HTTP/1.1" 200 36 "-" "PostmanRuntime/7.26.10"
::1 - - [26/Feb/2021:03:04:28 +0000] "POST /api/w1/books HTTP/1.1" 200 823 "-" "PostmanRuntime/7.26.10"
::1 - - [26/Feb/2021:03:05:21 +0000] "POST /api/w1/books HTTP/1.1" 200 820 "-" "PostmanRuntime/7.26.10"
::1 - - [26/Feb/2021:03:08:02 +0000] "POST /api/w1/books HTTP/1.1" 500 314 "-" "PostmanRuntime/7.26.10"
::1 - - [26/Feb/2021:03:09:00 +0000] "GET /api/w1/books HTTP/1.1" 200 1818 "-" "PostmanRuntime/7.26.10"
::1 - - [26/Feb/2021:03:09:13 +0000] "GET /api/w1/books%D1%8E6038653c57e0ce39f8fb282f HTTP/1.1" 404 181 "-" "PostmanRuntime/7.26.10"
::1 - - [26/Feb/2021:03:09:31 +0000] "GET /api/w1/books HTTP/1.1" 200 1818 "-" "PostmanRuntime/7.26.10"
::1 - - [26/Feb/2021:03:09:36 +0000] "GET /api/w1/books/6038653c57e0ce39f8fb282f HTTP/1.1" 200 823 "-" "PostmanRuntime/7.26.10"
::1 - - [26/Feb/2021:03:10:55 +0000] "GET /api/w1/books/6038653c57e0ce39f8fb282f HTTP/1.1" 200 823 "-" "PostmanRuntime/7.26.10"
::1 - - [26/Feb/2021:03:11:02 +0000] "PUT /api/w1/books/6038653c57e0ce39f8fb282f HTTP/1.1" 200 823 "-" "PostmanRuntime/7.26.10"
::1 - - [26/Feb/2021:03:11:36 +0000] "GET /api/w1/books HTTP/1.1" 200 1818 "-" "PostmanRuntime/7.26.10"
::1 - - [26/Feb/2021:03:12:29 +0000] "POST /api/w1/books HTTP/1.1" 200 821 "-" "PostmanRuntime/7.26.10"
::1 - - [26/Feb/2021:03:27:09 +0000] "GET /api/w1/categories HTTP/1.1" 200 1345 "-" "PostmanRuntime/7.26.10"
::1 - - [26/Feb/2021:03:28:28 +0000] "POST /api/w1/books HTTP/1.1" 500 315 "-" "PostmanRuntime/7.26.10"
::1 - - [26/Feb/2021:03:30:38 +0000] "POST /api/w1/books HTTP/1.1" 200 821 "-" "PostmanRuntime/7.26.10"
::1 - - [26/Feb/2021:03:31:16 +0000] "GET /api/w1/books HTTP/1.1" 200 925 "-" "PostmanRuntime/7.26.10"
::1 - - [26/Feb/2021:03:36:09 +0000] "GET /api/w1/books HTTP/1.1" 200 925 "-" "PostmanRuntime/7.26.10"
::1 - - [26/Feb/2021:03:55:23 +0000] "GET /api/w1/categories HTTP/1.1" 200 1365 "-" "PostmanRuntime/7.26.10"
::1 - - [26/Feb/2021:03:55:47 +0000] "GET /api/w1/categories/5e90434cd433fa11b078ed8a HTTP/1.1" 200 390 "-" "PostmanRuntime/7.26.10"
::1 - - [26/Feb/2021:03:59:07 +0000] "POST /api/w1/books HTTP/1.1" 200 823 "-" "PostmanRuntime/7.26.10"
::1 - - [26/Feb/2021:04:01:27 +0000] "POST /api/w1/categories HTTP/1.1" 500 635 "-" "PostmanRuntime/7.26.10"
::1 - - [26/Feb/2021:04:02:00 +0000] "GET /api/w1/categories HTTP/1.1" 200 1365 "-" "PostmanRuntime/7.26.10"
::1 - - [26/Feb/2021:04:02:30 +0000] "GET /api/w1/categories/5e90434cd433fa11b078ed8a HTTP/1.1" 200 390 "-" "PostmanRuntime/7.26.10"
::1 - - [26/Feb/2021:06:36:53 +0000] "GET /api/w1/books HTTP/1.1" 200 1817 "-" "PostmanRuntime/7.26.10"
::1 - - [26/Feb/2021:06:37:31 +0000] "GET /api/w1/books HTTP/1.1" 200 1817 "-" "PostmanRuntime/7.26.10"
::1 - - [26/Feb/2021:06:39:08 +0000] "GET /api/w1/books HTTP/1.1" 200 1777 "-" "PostmanRuntime/7.26.10"
::1 - - [26/Feb/2021:06:39:39 +0000] "POST /api/w1/books HTTP/1.1" 200 804 "-" "PostmanRuntime/7.26.10"
::1 - - [26/Feb/2021:06:39:54 +0000] "GET /api/w1/books HTTP/1.1" 200 2650 "-" "PostmanRuntime/7.26.10"
::1 - - [26/Feb/2021:06:43:11 +0000] "GET /api/w1/categories HTTP/1.1" 200 1365 "-" "PostmanRuntime/7.26.10"
::1 - - [26/Feb/2021:06:43:30 +0000] "GET /api/w1/categories HTTP/1.1" 200 1365 "-" "PostmanRuntime/7.26.10"
::1 - - [26/Feb/2021:06:44:53 +0000] "GET /api/w1/categories HTTP/1.1" 200 105 "-" "PostmanRuntime/7.26.10"
::1 - - [26/Feb/2021:06:45:23 +0000] "GET /api/w1/categories HTTP/1.1" 200 1429 "-" "PostmanRuntime/7.26.10"
::1 - - [26/Feb/2021:06:46:07 +0000] "GET /api/w1/categories HTTP/1.1" 200 105 "-" "PostmanRuntime/7.26.10"
::1 - - [26/Feb/2021:06:46:37 +0000] "GET /api/w1/categories HTTP/1.1" 200 1346 "-" "PostmanRuntime/7.26.10"
::1 - - [26/Feb/2021:06:47:04 +0000] "POST /api/w1/books HTTP/1.1" 200 824 "-" "PostmanRuntime/7.26.10"
::1 - - [26/Feb/2021:06:47:09 +0000] "GET /api/w1/books HTTP/1.1" 200 929 "-" "PostmanRuntime/7.26.10"
::1 - - [26/Feb/2021:06:47:29 +0000] "GET /api/w1/categories HTTP/1.1" 200 1367 "-" "PostmanRuntime/7.26.10"
::1 - - [26/Feb/2021:06:48:25 +0000] "GET /api/w1/books HTTP/1.1" 200 929 "-" "PostmanRuntime/7.26.10"
::1 - - [26/Feb/2021:06:48:32 +0000] "GET /api/w1/categories HTTP/1.1" 200 1367 "-" "PostmanRuntime/7.26.10"
::1 - - [26/Feb/2021:07:04:53 +0000] "GET /api/w1/books HTTP/1.1" 200 929 "-" "PostmanRuntime/7.26.10"
::1 - - [26/Feb/2021:07:05:48 +0000] "GET /api/w1/books HTTP/1.1" 200 929 "-" "PostmanRuntime/7.26.10"
::1 - - [26/Feb/2021:07:06:09 +0000] "POST /api/w1/books HTTP/1.1" 404 54 "-" "PostmanRuntime/7.26.10"
::1 - - [26/Feb/2021:07:07:00 +0000] "POST /api/w1/books HTTP/1.1" 200 822 "-" "PostmanRuntime/7.26.10"
::1 - - [26/Feb/2021:07:07:10 +0000] "GET /api/w1/books HTTP/1.1" 200 1821 "-" "PostmanRuntime/7.26.10"
::1 - - [26/Feb/2021:07:07:35 +0000] "GET /api/w1/categories HTTP/1.1" 200 1367 "-" "PostmanRuntime/7.26.10"
::1 - - [26/Feb/2021:07:08:23 +0000] "GET /api/w1/books HTTP/1.1" 200 1821 "-" "PostmanRuntime/7.26.10"
::1 - - [26/Feb/2021:07:09:36 +0000] "POST /api/w1/books HTTP/1.1" 200 828 "-" "PostmanRuntime/7.26.10"
::1 - - [26/Feb/2021:07:09:46 +0000] "POST /api/w1/categories HTTP/1.1" 500 886 "-" "PostmanRuntime/7.26.10"
::1 - - [26/Feb/2021:07:09:53 +0000] "GET /api/w1/categories HTTP/1.1" 200 1379 "-" "PostmanRuntime/7.26.10"
::1 - - [26/Feb/2021:07:16:04 +0000] "GET /api/w1/books HTTP/1.1" 200 2755 "-" "PostmanRuntime/7.26.10"
::1 - - [26/Feb/2021:07:16:52 +0000] "DELETE /api/w1/books/60389eb052baef3128b0803e HTTP/1.1" 200 828 "-" "PostmanRuntime/7.26.10"
::1 - - [26/Feb/2021:07:16:59 +0000] "DELETE /api/w1/books/ HTTP/1.1" 404 155 "-" "PostmanRuntime/7.26.10"
::1 - - [26/Feb/2021:07:17:04 +0000] "GET /api/w1/books/ HTTP/1.1" 200 1821 "-" "PostmanRuntime/7.26.10"
::1 - - [26/Feb/2021:07:27:58 +0000] "GET /api/w1/categories HTTP/1.1" 200 1367 "-" "PostmanRuntime/7.26.10"
::1 - - [26/Feb/2021:07:28:11 +0000] "GET /api/w1/categories/5e90434cd433fa11b078ed8a HTTP/1.1" 500 38 "-" "PostmanRuntime/7.26.10"
::1 - - [26/Feb/2021:07:28:23 +0000] "GET /api/w1/categories HTTP/1.1" 200 1367 "-" "PostmanRuntime/7.26.10"
::1 - - [26/Feb/2021:07:28:42 +0000] "GET /api/w1/categories/5e90434cd433fa11b078ed8a HTTP/1.1" 500 38 "-" "PostmanRuntime/7.26.10"
::1 - - [26/Feb/2021:07:29:06 +0000] "GET /api/w1/categories/ HTTP/1.1" 200 1367 "-" "PostmanRuntime/7.26.10"
::1 - - [26/Feb/2021:07:29:18 +0000] "GET /api/w1/categories/5e90434cd433fa11b078ed8a HTTP/1.1" 500 38 "-" "PostmanRuntime/7.26.10"
::1 - - [26/Feb/2021:07:35:16 +0000] "GET /api/w1/categories/5e90434cd433fa11b078ed8a HTTP/1.1" 200 391 "-" "PostmanRuntime/7.26.10"
::1 - - [26/Feb/2021:07:35:28 +0000] "GET /api/w1/categories HTTP/1.1" 200 1367 "-" "PostmanRuntime/7.26.10"
::1 - - [26/Feb/2021:07:35:44 +0000] "GET /api/w1/categories/5e90478549941f52dcb01b34 HTTP/1.1" 200 2001 "-" "PostmanRuntime/7.26.10"
::1 - - [26/Feb/2021:07:36:08 +0000] "GET /api/w1/books HTTP/1.1" 200 1821 "-" "PostmanRuntime/7.26.10"
::1 - - [26/Feb/2021:07:36:39 +0000] "POST /api/w1/books HTTP/1.1" 200 823 "-" "PostmanRuntime/7.26.10"
::1 - - [26/Feb/2021:07:36:44 +0000] "GET /api/w1/books HTTP/1.1" 200 2714 "-" "PostmanRuntime/7.26.10"
::1 - - [26/Feb/2021:07:36:59 +0000] "GET /api/w1/categories/5e90478549941f52dcb01b34 HTTP/1.1" 200 2801 "-" "PostmanRuntime/7.26.10"
::1 - - [26/Feb/2021:07:41:46 +0000] "GET /api/w1/categories/5e90478549941f52dcb01b34 HTTP/1.1" 200 2801 "-" "PostmanRuntime/7.26.10"
::1 - - [26/Feb/2021:07:43:09 +0000] "POST /api/w1/books HTTP/1.1" 200 825 "-" "PostmanRuntime/7.26.10"
::1 - - [26/Feb/2021:07:43:43 +0000] "GET /api/w1/books/6038a68d2f73e8730c904e25 HTTP/1.1" 500 104 "-" "PostmanRuntime/7.26.10"
::1 - - [26/Feb/2021:07:44:30 +0000] "GET /api/w1/books/6038a68d2f73e8730c904e25 HTTP/1.1" 200 837 "-" "PostmanRuntime/7.26.10"
::1 - - [26/Feb/2021:08:27:07 +0000] "GET /api/w1/books/6038a68d2f73e8730c904e25 HTTP/1.1" 404 135 "-" "PostmanRuntime/7.26.10"
::1 - - [26/Feb/2021:08:27:19 +0000] "GET /api/w1/books/ HTTP/1.1" 200 32066 "-" "PostmanRuntime/7.26.10"
::1 - - [26/Feb/2021:08:27:30 +0000] "GET /api/w1/books/6038a8edc3131b8608462117 HTTP/1.1" 200 1911 "-" "PostmanRuntime/7.26.10"
::1 - - [26/Feb/2021:08:27:42 +0000] "GET /api/w1/books/6038a8edc3131b8608462117/photo HTTP/1.1" 404 182 "-" "PostmanRuntime/7.26.10"
::1 - - [26/Feb/2021:08:38:11 +0000] "PUT /api/w1/books/6038a8edc3131b8608462117/photo HTTP/1.1" 200 - "-" "PostmanRuntime/7.26.10"
::1 - - [26/Feb/2021:09:31:22 +0000] "PUT /api/w1/books/6038a8edc3131b8608462117/photo HTTP/1.1" 500 69 "-" "PostmanRuntime/7.26.10"
::1 - - [26/Feb/2021:09:34:01 +0000] "PUT /api/w1/books/6038a8edc3131b8608462117/photo HTTP/1.1" 400 132 "-" "PostmanRuntime/7.26.10"
::1 - - [26/Feb/2021:09:34:13 +0000] "PUT /api/w1/books/6038a8edc3131b8608462117/photo HTTP/1.1" 400 132 "-" "PostmanRuntime/7.26.10"
::1 - - [26/Feb/2021:09:34:52 +0000] "PUT /api/w1/books/6038a8edc3131b8608462117/photo HTTP/1.1" 400 132 "-" "PostmanRuntime/7.26.10"
::1 - - [26/Feb/2021:09:51:23 +0000] "GET /api/w1/books/6038a8edc3131b8608462117/ HTTP/1.1" 200 1911 "-" "PostmanRuntime/7.26.10"
::1 - - [26/Feb/2021:09:51:28 +0000] "GET /api/w1/books/6038a8edc3131b8608462117/photo HTTP/1.1" 404 182 "-" "PostmanRuntime/7.26.10"
::1 - - [26/Feb/2021:09:51:42 +0000] "PUT /api/w1/books/6038a8edc3131b8608462117/photo HTTP/1.1" 200 60 "-" "PostmanRuntime/7.26.10"
::1 - - [26/Feb/2021:09:56:04 +0000] "GET /api/w1/books/6038a8edc3131b8608462117 HTTP/1.1" 200 1934 "-" "PostmanRuntime/7.26.10"
::1 - - [26/Feb/2021:10:11:05 +0000] "GET /api/w1/categories HTTP/1.1" 200 1430 "-" "PostmanRuntime/7.26.10"
::1 - - [26/Feb/2021:10:11:20 +0000] "GET /api/w1/categories/5e90434cd433fa11b078ed8a/books HTTP/1.1" 200 8277 "-" "PostmanRuntime/7.26.10"
::1 - - [26/Feb/2021:10:11:55 +0000] "GET /api/w1/books HTTP/1.1" 200 32089 "-" "PostmanRuntime/7.26.10"
::1 - - [26/Feb/2021:10:15:30 +0000] "GET /api/w1/categ HTTP/1.1" 404 151 "-" "PostmanRuntime/7.26.10"
::1 - - [26/Feb/2021:10:15:56 +0000] "GET /api/w1/categories HTTP/1.1" 200 1430 "-" "PostmanRuntime/7.26.10"
::1 - - [26/Feb/2021:10:16:58 +0000] "GET /api/w1/categories/5e90478549941f52dcb01b34 HTTP/1.1" 200 7904 "-" "PostmanRuntime/7.26.10"
::1 - - [26/Feb/2021:10:40:26 +0000] "GET /api/w1/books HTTP/1.1" 200 32089 "-" "PostmanRuntime/7.26.10"
::1 - - [26/Feb/2021:10:41:13 +0000] "GET /api/w1/books/6038a8edc3131b8608462117 HTTP/1.1" 200 1934 "-" "PostmanRuntime/7.26.10"
::1 - - [26/Feb/2021:10:54:20 +0000] "GET /api/w1/books HTTP/1.1" 200 32089 "-" "PostmanRuntime/7.26.10"
::1 - - [26/Feb/2021:10:54:31 +0000] "GET /api/w1/books/6038a8edc3131b8608462117 HTTP/1.1" 200 1934 "-" "PostmanRuntime/7.26.10"
::1 - - [26/Feb/2021:11:09:01 +0000] "GET /api/w1/books HTTP/1.1" 200 32089 "-" "PostmanRuntime/7.26.10"
::1 - - [26/Feb/2021:11:09:26 +0000] "GET /api/w1/categories/5e90478549941f52dcb01b34 HTTP/1.1" 200 7904 "-" "PostmanRuntime/7.26.10"
::1 - - [26/Feb/2021:11:09:51 +0000] "GET /api/w1/categories/5e90478549941f52dcb01b34/books HTTP/1.1" 200 7538 "-" "PostmanRuntime/7.26.10"
::1 - - [26/Feb/2021:14:40:56 +0000] "GET /api/w1/categories?select=name%20slug%20averagePrice%20averageRating&sort=averageRating%20-averagePrice&limit3 HTTP/1.1" 200 52 "-" "PostmanRuntime/7.26.10"
::1 - - [26/Feb/2021:14:41:40 +0000] "GET /api/w1/categories?select=name%20averagePrice%20averageRating&sort=averageRating%20-averagePrice&limit3 HTTP/1.1" 200 52 "-" "PostmanRuntime/7.26.10"
::1 - - [26/Feb/2021:14:42:15 +0000] "GET /api/w1/categories?select=name%20averagePrice%20averageRating&sort=averageRating%20-averagePrice&limit=3 HTTP/1.1" 200 467 "-" "PostmanRuntime/7.26.10"
::1 - - [26/Feb/2021:14:42:40 +0000] "GET /api/w1/categories?select=name%20averagePrice%20averageRating&sort=averageRating%20-averagePrice&limit=3&page=2 HTTP/1.1" 200 467 "-" "PostmanRuntime/7.26.10"
::1 - - [26/Feb/2021:14:44:28 +0000] "GET /api/w1/categories?select=name%20averagePrice%20averageRating&sort=averageRating%20-averagePrice&limit=3&page=2 HTTP/1.1" 200 244 "-" "PostmanRuntime/7.26.10"
::1 - - [26/Feb/2021:14:45:45 +0000] "GET /api/w1/categories?select=name%20averagePrice%20averageRating&sort=averageRating%20-averagePrice&limit=3&page=1 HTTP/1.1" 200 531 "-" "PostmanRuntime/7.26.10"
::1 - - [27/Feb/2021:13:58:34 +0000] "GET /api/w1/categories?select=name%20averagePrice%20averageRating&sort=averageRating%20-averagePrice&limit=3&page=1 HTTP/1.1" 200 531 "-" "PostmanRuntime/7.26.10"
::1 - - [28/Feb/2021:03:54:47 +0000] "GET /api/w1/books HTTP/1.1" 200 10368 "-" "PostmanRuntime/7.26.10"
::1 - - [28/Feb/2021:03:58:13 +0000] "GET /api/w1/books?select=name%20averagePrice HTTP/1.1" 500 91 "-" "PostmanRuntime/7.26.10"
::1 - - [28/Feb/2021:03:58:27 +0000] "GET /api/w1/books?select=name%20price HTTP/1.1" 500 91 "-" "PostmanRuntime/7.26.10"
::1 - - [28/Feb/2021:04:00:19 +0000] "GET /api/w1/books?select=name%20price%20author HTTP/1.1" 200 2076 "-" "PostmanRuntime/7.26.10"
::1 - - [28/Feb/2021:04:03:50 +0000] "GET /api/w1/books?select=name%20price HTTP/1.1" 500 91 "-" "PostmanRuntime/7.26.10"
::1 - - [28/Feb/2021:04:04:14 +0000] "GET /api/w1/books?select=name%20price HTTP/1.1" 500 91 "-" "PostmanRuntime/7.26.10"
::1 - - [28/Feb/2021:04:04:57 +0000] "GET /api/w1/books?select=name%20price HTTP/1.1" 200 1808 "-" "PostmanRuntime/7.26.10"
::1 - - [28/Feb/2021:04:06:34 +0000] "GET /api/w1/books?select=name%20price&sort=price HTTP/1.1" 200 1924 "-" "PostmanRuntime/7.26.10"
::1 - - [28/Feb/2021:04:06:49 +0000] "GET /api/w1/books?select=name%20price&sort=-price HTTP/1.1" 200 1731 "-" "PostmanRuntime/7.26.10"
::1 - - [28/Feb/2021:04:18:53 +0000] "GET /api/w1/books?select=name%20price&sort=-price&price[$lt]=20000 HTTP/1.1" 200 1817 "-" "PostmanRuntime/7.26.10"
::1 - - [28/Feb/2021:04:19:45 +0000] "GET /api/w1/books?select=name%20price&sort=-price&price[$gt]=20000 HTTP/1.1" 200 1731 "-" "PostmanRuntime/7.26.10"
::1 - - [28/Feb/2021:05:21:47 +0000] "GET /api/w1/categories HTTP/1.1" 200 1430 "-" "PostmanRuntime/7.26.10"
::1 - - [28/Feb/2021:05:22:27 +0000] "GET /api/w1/categories/5e90478549941f52dcb01b34 HTTP/1.1" 200 7904 "-" "PostmanRuntime/7.26.10"
::1 - - [28/Feb/2021:05:22:50 +0000] "GET /api/w1/categories/5e90478549941f52dcb01b34/books?select=name%20price&sort=-price&price[$gt]=20000 HTTP/1.1" 200 298 "-" "PostmanRuntime/7.26.10"
::1 - - [28/Feb/2021:06:29:01 +0000] "POST /api/w1/users HTTP/1.1" 200 88 "-" "PostmanRuntime/7.26.10"
::1 - - [28/Feb/2021:06:32:48 +0000] "POST /api/w1/users HTTP/1.1" 200 88 "-" "PostmanRuntime/7.26.10"
::1 - - [28/Feb/2021:06:59:57 +0000] "POST /api/w1/users HTTP/1.1" 200 88 "-" "PostmanRuntime/7.26.10"
::1 - - [28/Feb/2021:07:01:04 +0000] "POST /api/w1/users HTTP/1.1" 200 88 "-" "PostmanRuntime/7.26.10"
::1 - - [28/Feb/2021:07:01:06 +0000] "POST /api/w1/users HTTP/1.1" 500 403 "-" "PostmanRuntime/7.26.10"
::1 - - [28/Feb/2021:07:04:21 +0000] "POST /api/w1/users HTTP/1.1" 500 449 "-" "PostmanRuntime/7.26.10"
::1 - - [28/Feb/2021:07:04:33 +0000] "POST /api/w1/users HTTP/1.1" 200 85 "-" "PostmanRuntime/7.26.10"
::1 - - [28/Feb/2021:08:44:53 +0000] "POST /api/w1/users HTTP/1.1" 200 85 "-" "PostmanRuntime/7.26.10"
::1 - - [28/Feb/2021:08:47:25 +0000] "POST /api/w1/users HTTP/1.1" 200 85 "-" "PostmanRuntime/7.26.10"
